CRITICAL - 2024-09-22 02:30:18 --> ErrorException: Undefined variable $title
[Method: GET, Route: /]
in APPPATH/Views/templates/header.php on line 6.
 1 APPPATH/Views/templates/header.php(6): CodeIgniter\Debug\Exceptions->errorHandler(2, 'Undefined variable $title', '/Users/dp/Documents/ci-4/ujicoba_project/app/Views/templates/header.php', 6)
 2 SYSTEMPATH/View/View.php(234): include('/Users/dp/Documents/ci-4/ujicoba_project/app/Views/templates/header.php')
 3 SYSTEMPATH/View/View.php(237): CodeIgniter\View\View->CodeIgniter\View\{closure}()
 4 SYSTEMPATH/View/View.php(487): CodeIgniter\View\View->render('templates/header', null, true)
 5 APPPATH/Views/beranda.php(1): CodeIgniter\View\View->include('templates/header')
 6 SYSTEMPATH/View/View.php(234): include('/Users/dp/Documents/ci-4/ujicoba_project/app/Views/beranda.php')
 7 SYSTEMPATH/View/View.php(237): CodeIgniter\View\View->CodeIgniter\View\{closure}()
 8 SYSTEMPATH/Common.php(1171): CodeIgniter\View\View->render('beranda', [], true)
 9 APPPATH/Controllers/Home.php(9): view('beranda')
10 SYSTEMPATH/CodeIgniter.php(933): App\Controllers\Home->index()
11 SYSTEMPATH/CodeIgniter.php(509): CodeIgniter\CodeIgniter->runController(Object(App\Controllers\Home))
12 SYSTEMPATH/CodeIgniter.php(355): CodeIgniter\CodeIgniter->handleRequest(null, Object(Config\Cache), false)
13 SYSTEMPATH/Boot.php(325): CodeIgniter\CodeIgniter->run()
14 SYSTEMPATH/Boot.php(67): CodeIgniter\Boot::runCodeIgniter(Object(CodeIgniter\CodeIgniter))
15 FCPATH/index.php(56): CodeIgniter\Boot::bootWeb(Object(Config\Paths))
16 SYSTEMPATH/rewrite.php(44): require_once('/Users/dp/Documents/ci-4/ujicoba_project/public/index.php')
CRITICAL - 2024-09-22 02:32:08 --> ErrorException: Undefined variable $title
[Method: GET, Route: /]
in APPPATH/Views/Templates/header.php on line 6.
 1 APPPATH/Views/Templates/header.php(6): CodeIgniter\Debug\Exceptions->errorHandler(2, 'Undefined variable $title', '/Users/dp/Documents/ci-4/ujicoba_project/app/Views/Templates/header.php', 6)
 2 SYSTEMPATH/View/View.php(234): include('/Users/dp/Documents/ci-4/ujicoba_project/app/Views/Templates/header.php')
 3 SYSTEMPATH/View/View.php(237): CodeIgniter\View\View->CodeIgniter\View\{closure}()
 4 SYSTEMPATH/View/View.php(487): CodeIgniter\View\View->render('Templates/header', null, true)
 5 APPPATH/Views/beranda.php(1): CodeIgniter\View\View->include('Templates/header')
 6 SYSTEMPATH/View/View.php(234): include('/Users/dp/Documents/ci-4/ujicoba_project/app/Views/beranda.php')
 7 SYSTEMPATH/View/View.php(237): CodeIgniter\View\View->CodeIgniter\View\{closure}()
 8 SYSTEMPATH/Common.php(1171): CodeIgniter\View\View->render('beranda', [], true)
 9 APPPATH/Controllers/Home.php(9): view('beranda')
10 SYSTEMPATH/CodeIgniter.php(933): App\Controllers\Home->index()
11 SYSTEMPATH/CodeIgniter.php(509): CodeIgniter\CodeIgniter->runController(Object(App\Controllers\Home))
12 SYSTEMPATH/CodeIgniter.php(355): CodeIgniter\CodeIgniter->handleRequest(null, Object(Config\Cache), false)
13 SYSTEMPATH/Boot.php(325): CodeIgniter\CodeIgniter->run()
14 SYSTEMPATH/Boot.php(67): CodeIgniter\Boot::runCodeIgniter(Object(CodeIgniter\CodeIgniter))
15 FCPATH/index.php(56): CodeIgniter\Boot::bootWeb(Object(Config\Paths))
16 SYSTEMPATH/rewrite.php(44): require_once('/Users/dp/Documents/ci-4/ujicoba_project/public/index.php')
CRITICAL - 2024-09-22 02:33:26 --> ErrorException: Undefined variable $title
[Method: GET, Route: /]
in APPPATH/Views/Templates/header.php on line 6.
 1 APPPATH/Views/Templates/header.php(6): CodeIgniter\Debug\Exceptions->errorHandler(2, 'Undefined variable $title', '/Users/dp/Documents/ci-4/ujicoba_project/app/Views/Templates/header.php', 6)
 2 SYSTEMPATH/View/View.php(234): include('/Users/dp/Documents/ci-4/ujicoba_project/app/Views/Templates/header.php')
 3 SYSTEMPATH/View/View.php(237): CodeIgniter\View\View->CodeIgniter\View\{closure}()
 4 SYSTEMPATH/View/View.php(487): CodeIgniter\View\View->render('Templates/header', null, true)
 5 APPPATH/Views/beranda.php(1): CodeIgniter\View\View->include('Templates/header')
 6 SYSTEMPATH/View/View.php(234): include('/Users/dp/Documents/ci-4/ujicoba_project/app/Views/beranda.php')
 7 SYSTEMPATH/View/View.php(237): CodeIgniter\View\View->CodeIgniter\View\{closure}()
 8 SYSTEMPATH/Common.php(1171): CodeIgniter\View\View->render('beranda', [], true)
 9 APPPATH/Controllers/Home.php(9): view('beranda')
10 SYSTEMPATH/CodeIgniter.php(933): App\Controllers\Home->index()
11 SYSTEMPATH/CodeIgniter.php(509): CodeIgniter\CodeIgniter->runController(Object(App\Controllers\Home))
12 SYSTEMPATH/CodeIgniter.php(355): CodeIgniter\CodeIgniter->handleRequest(null, Object(Config\Cache), false)
13 SYSTEMPATH/Boot.php(325): CodeIgniter\CodeIgniter->run()
14 SYSTEMPATH/Boot.php(67): CodeIgniter\Boot::runCodeIgniter(Object(CodeIgniter\CodeIgniter))
15 FCPATH/index.php(56): CodeIgniter\Boot::bootWeb(Object(Config\Paths))
16 SYSTEMPATH/rewrite.php(44): require_once('/Users/dp/Documents/ci-4/ujicoba_project/public/index.php')
CRITICAL - 2024-09-22 02:33:28 --> ErrorException: Undefined variable $title
[Method: GET, Route: /]
in APPPATH/Views/Templates/header.php on line 6.
 1 APPPATH/Views/Templates/header.php(6): CodeIgniter\Debug\Exceptions->errorHandler(2, 'Undefined variable $title', '/Users/dp/Documents/ci-4/ujicoba_project/app/Views/Templates/header.php', 6)
 2 SYSTEMPATH/View/View.php(234): include('/Users/dp/Documents/ci-4/ujicoba_project/app/Views/Templates/header.php')
 3 SYSTEMPATH/View/View.php(237): CodeIgniter\View\View->CodeIgniter\View\{closure}()
 4 SYSTEMPATH/View/View.php(487): CodeIgniter\View\View->render('Templates/header', null, true)
 5 APPPATH/Views/beranda.php(1): CodeIgniter\View\View->include('Templates/header')
 6 SYSTEMPATH/View/View.php(234): include('/Users/dp/Documents/ci-4/ujicoba_project/app/Views/beranda.php')
 7 SYSTEMPATH/View/View.php(237): CodeIgniter\View\View->CodeIgniter\View\{closure}()
 8 SYSTEMPATH/Common.php(1171): CodeIgniter\View\View->render('beranda', [], true)
 9 APPPATH/Controllers/Home.php(9): view('beranda')
10 SYSTEMPATH/CodeIgniter.php(933): App\Controllers\Home->index()
11 SYSTEMPATH/CodeIgniter.php(509): CodeIgniter\CodeIgniter->runController(Object(App\Controllers\Home))
12 SYSTEMPATH/CodeIgniter.php(355): CodeIgniter\CodeIgniter->handleRequest(null, Object(Config\Cache), false)
13 SYSTEMPATH/Boot.php(325): CodeIgniter\CodeIgniter->run()
14 SYSTEMPATH/Boot.php(67): CodeIgniter\Boot::runCodeIgniter(Object(CodeIgniter\CodeIgniter))
15 FCPATH/index.php(56): CodeIgniter\Boot::bootWeb(Object(Config\Paths))
16 SYSTEMPATH/rewrite.php(44): require_once('/Users/dp/Documents/ci-4/ujicoba_project/public/index.php')
CRITICAL - 2024-09-22 02:33:28 --> ErrorException: Undefined variable $title
[Method: GET, Route: /]
in APPPATH/Views/Templates/header.php on line 6.
 1 APPPATH/Views/Templates/header.php(6): CodeIgniter\Debug\Exceptions->errorHandler(2, 'Undefined variable $title', '/Users/dp/Documents/ci-4/ujicoba_project/app/Views/Templates/header.php', 6)
 2 SYSTEMPATH/View/View.php(234): include('/Users/dp/Documents/ci-4/ujicoba_project/app/Views/Templates/header.php')
 3 SYSTEMPATH/View/View.php(237): CodeIgniter\View\View->CodeIgniter\View\{closure}()
 4 SYSTEMPATH/View/View.php(487): CodeIgniter\View\View->render('Templates/header', null, true)
 5 APPPATH/Views/beranda.php(1): CodeIgniter\View\View->include('Templates/header')
 6 SYSTEMPATH/View/View.php(234): include('/Users/dp/Documents/ci-4/ujicoba_project/app/Views/beranda.php')
 7 SYSTEMPATH/View/View.php(237): CodeIgniter\View\View->CodeIgniter\View\{closure}()
 8 SYSTEMPATH/Common.php(1171): CodeIgniter\View\View->render('beranda', [], true)
 9 APPPATH/Controllers/Home.php(9): view('beranda')
10 SYSTEMPATH/CodeIgniter.php(933): App\Controllers\Home->index()
11 SYSTEMPATH/CodeIgniter.php(509): CodeIgniter\CodeIgniter->runController(Object(App\Controllers\Home))
12 SYSTEMPATH/CodeIgniter.php(355): CodeIgniter\CodeIgniter->handleRequest(null, Object(Config\Cache), false)
13 SYSTEMPATH/Boot.php(325): CodeIgniter\CodeIgniter->run()
14 SYSTEMPATH/Boot.php(67): CodeIgniter\Boot::runCodeIgniter(Object(CodeIgniter\CodeIgniter))
15 FCPATH/index.php(56): CodeIgniter\Boot::bootWeb(Object(Config\Paths))
16 SYSTEMPATH/rewrite.php(44): require_once('/Users/dp/Documents/ci-4/ujicoba_project/public/index.php')
CRITICAL - 2024-09-22 02:33:29 --> ErrorException: Undefined variable $title
[Method: GET, Route: /]
in APPPATH/Views/Templates/header.php on line 6.
 1 APPPATH/Views/Templates/header.php(6): CodeIgniter\Debug\Exceptions->errorHandler(2, 'Undefined variable $title', '/Users/dp/Documents/ci-4/ujicoba_project/app/Views/Templates/header.php', 6)
 2 SYSTEMPATH/View/View.php(234): include('/Users/dp/Documents/ci-4/ujicoba_project/app/Views/Templates/header.php')
 3 SYSTEMPATH/View/View.php(237): CodeIgniter\View\View->CodeIgniter\View\{closure}()
 4 SYSTEMPATH/View/View.php(487): CodeIgniter\View\View->render('Templates/header', null, true)
 5 APPPATH/Views/beranda.php(1): CodeIgniter\View\View->include('Templates/header')
 6 SYSTEMPATH/View/View.php(234): include('/Users/dp/Documents/ci-4/ujicoba_project/app/Views/beranda.php')
 7 SYSTEMPATH/View/View.php(237): CodeIgniter\View\View->CodeIgniter\View\{closure}()
 8 SYSTEMPATH/Common.php(1171): CodeIgniter\View\View->render('beranda', [], true)
 9 APPPATH/Controllers/Home.php(9): view('beranda')
10 SYSTEMPATH/CodeIgniter.php(933): App\Controllers\Home->index()
11 SYSTEMPATH/CodeIgniter.php(509): CodeIgniter\CodeIgniter->runController(Object(App\Controllers\Home))
12 SYSTEMPATH/CodeIgniter.php(355): CodeIgniter\CodeIgniter->handleRequest(null, Object(Config\Cache), false)
13 SYSTEMPATH/Boot.php(325): CodeIgniter\CodeIgniter->run()
14 SYSTEMPATH/Boot.php(67): CodeIgniter\Boot::runCodeIgniter(Object(CodeIgniter\CodeIgniter))
15 FCPATH/index.php(56): CodeIgniter\Boot::bootWeb(Object(Config\Paths))
16 SYSTEMPATH/rewrite.php(44): require_once('/Users/dp/Documents/ci-4/ujicoba_project/public/index.php')
CRITICAL - 2024-09-22 02:34:02 --> ErrorException: Undefined variable $title
[Method: GET, Route: /]
in APPPATH/Views/Templates/header.php on line 6.
 1 APPPATH/Views/Templates/header.php(6): CodeIgniter\Debug\Exceptions->errorHandler(2, 'Undefined variable $title', '/Users/dp/Documents/ci-4/ujicoba_project/app/Views/Templates/header.php', 6)
 2 SYSTEMPATH/View/View.php(234): include('/Users/dp/Documents/ci-4/ujicoba_project/app/Views/Templates/header.php')
 3 SYSTEMPATH/View/View.php(237): CodeIgniter\View\View->CodeIgniter\View\{closure}()
 4 SYSTEMPATH/View/View.php(487): CodeIgniter\View\View->render('Templates/header', null, true)
 5 APPPATH/Views/beranda.php(1): CodeIgniter\View\View->include('Templates/header')
 6 SYSTEMPATH/View/View.php(234): include('/Users/dp/Documents/ci-4/ujicoba_project/app/Views/beranda.php')
 7 SYSTEMPATH/View/View.php(237): CodeIgniter\View\View->CodeIgniter\View\{closure}()
 8 SYSTEMPATH/Common.php(1171): CodeIgniter\View\View->render('beranda', [], true)
 9 APPPATH/Controllers/Home.php(9): view('beranda')
10 SYSTEMPATH/CodeIgniter.php(933): App\Controllers\Home->index()
11 SYSTEMPATH/CodeIgniter.php(509): CodeIgniter\CodeIgniter->runController(Object(App\Controllers\Home))
12 SYSTEMPATH/CodeIgniter.php(355): CodeIgniter\CodeIgniter->handleRequest(null, Object(Config\Cache), false)
13 SYSTEMPATH/Boot.php(325): CodeIgniter\CodeIgniter->run()
14 SYSTEMPATH/Boot.php(67): CodeIgniter\Boot::runCodeIgniter(Object(CodeIgniter\CodeIgniter))
15 FCPATH/index.php(56): CodeIgniter\Boot::bootWeb(Object(Config\Paths))
16 SYSTEMPATH/rewrite.php(44): require_once('/Users/dp/Documents/ci-4/ujicoba_project/public/index.php')
CRITICAL - 2024-09-22 02:34:03 --> ErrorException: Undefined variable $title
[Method: GET, Route: /]
in APPPATH/Views/Templates/header.php on line 6.
 1 APPPATH/Views/Templates/header.php(6): CodeIgniter\Debug\Exceptions->errorHandler(2, 'Undefined variable $title', '/Users/dp/Documents/ci-4/ujicoba_project/app/Views/Templates/header.php', 6)
 2 SYSTEMPATH/View/View.php(234): include('/Users/dp/Documents/ci-4/ujicoba_project/app/Views/Templates/header.php')
 3 SYSTEMPATH/View/View.php(237): CodeIgniter\View\View->CodeIgniter\View\{closure}()
 4 SYSTEMPATH/View/View.php(487): CodeIgniter\View\View->render('Templates/header', null, true)
 5 APPPATH/Views/beranda.php(1): CodeIgniter\View\View->include('Templates/header')
 6 SYSTEMPATH/View/View.php(234): include('/Users/dp/Documents/ci-4/ujicoba_project/app/Views/beranda.php')
 7 SYSTEMPATH/View/View.php(237): CodeIgniter\View\View->CodeIgniter\View\{closure}()
 8 SYSTEMPATH/Common.php(1171): CodeIgniter\View\View->render('beranda', [], true)
 9 APPPATH/Controllers/Home.php(9): view('beranda')
10 SYSTEMPATH/CodeIgniter.php(933): App\Controllers\Home->index()
11 SYSTEMPATH/CodeIgniter.php(509): CodeIgniter\CodeIgniter->runController(Object(App\Controllers\Home))
12 SYSTEMPATH/CodeIgniter.php(355): CodeIgniter\CodeIgniter->handleRequest(null, Object(Config\Cache), false)
13 SYSTEMPATH/Boot.php(325): CodeIgniter\CodeIgniter->run()
14 SYSTEMPATH/Boot.php(67): CodeIgniter\Boot::runCodeIgniter(Object(CodeIgniter\CodeIgniter))
15 FCPATH/index.php(56): CodeIgniter\Boot::bootWeb(Object(Config\Paths))
16 SYSTEMPATH/rewrite.php(44): require_once('/Users/dp/Documents/ci-4/ujicoba_project/public/index.php')
CRITICAL - 2024-09-22 02:36:26 --> ErrorException: Undefined variable $title
[Method: GET, Route: /]
in APPPATH/Views/Templates/header.php on line 6.
 1 APPPATH/Views/Templates/header.php(6): CodeIgniter\Debug\Exceptions->errorHandler(2, 'Undefined variable $title', '/Users/dp/Documents/ci-4/ujicoba_project/app/Views/Templates/header.php', 6)
 2 SYSTEMPATH/View/View.php(234): include('/Users/dp/Documents/ci-4/ujicoba_project/app/Views/Templates/header.php')
 3 SYSTEMPATH/View/View.php(237): CodeIgniter\View\View->CodeIgniter\View\{closure}()
 4 SYSTEMPATH/View/View.php(487): CodeIgniter\View\View->render('Templates/header', null, true)
 5 APPPATH/Views/beranda.php(1): CodeIgniter\View\View->include('Templates/header')
 6 SYSTEMPATH/View/View.php(234): include('/Users/dp/Documents/ci-4/ujicoba_project/app/Views/beranda.php')
 7 SYSTEMPATH/View/View.php(237): CodeIgniter\View\View->CodeIgniter\View\{closure}()
 8 SYSTEMPATH/Common.php(1171): CodeIgniter\View\View->render('beranda', [], true)
 9 APPPATH/Controllers/Home.php(9): view('beranda')
10 SYSTEMPATH/CodeIgniter.php(933): App\Controllers\Home->index()
11 SYSTEMPATH/CodeIgniter.php(509): CodeIgniter\CodeIgniter->runController(Object(App\Controllers\Home))
12 SYSTEMPATH/CodeIgniter.php(355): CodeIgniter\CodeIgniter->handleRequest(null, Object(Config\Cache), false)
13 SYSTEMPATH/Boot.php(325): CodeIgniter\CodeIgniter->run()
14 SYSTEMPATH/Boot.php(67): CodeIgniter\Boot::runCodeIgniter(Object(CodeIgniter\CodeIgniter))
15 FCPATH/index.php(56): CodeIgniter\Boot::bootWeb(Object(Config\Paths))
16 SYSTEMPATH/rewrite.php(44): require_once('/Users/dp/Documents/ci-4/ujicoba_project/public/index.php')
CRITICAL - 2024-09-22 02:36:27 --> ErrorException: Undefined variable $title
[Method: GET, Route: /]
in APPPATH/Views/Templates/header.php on line 6.
 1 APPPATH/Views/Templates/header.php(6): CodeIgniter\Debug\Exceptions->errorHandler(2, 'Undefined variable $title', '/Users/dp/Documents/ci-4/ujicoba_project/app/Views/Templates/header.php', 6)
 2 SYSTEMPATH/View/View.php(234): include('/Users/dp/Documents/ci-4/ujicoba_project/app/Views/Templates/header.php')
 3 SYSTEMPATH/View/View.php(237): CodeIgniter\View\View->CodeIgniter\View\{closure}()
 4 SYSTEMPATH/View/View.php(487): CodeIgniter\View\View->render('Templates/header', null, true)
 5 APPPATH/Views/beranda.php(1): CodeIgniter\View\View->include('Templates/header')
 6 SYSTEMPATH/View/View.php(234): include('/Users/dp/Documents/ci-4/ujicoba_project/app/Views/beranda.php')
 7 SYSTEMPATH/View/View.php(237): CodeIgniter\View\View->CodeIgniter\View\{closure}()
 8 SYSTEMPATH/Common.php(1171): CodeIgniter\View\View->render('beranda', [], true)
 9 APPPATH/Controllers/Home.php(9): view('beranda')
10 SYSTEMPATH/CodeIgniter.php(933): App\Controllers\Home->index()
11 SYSTEMPATH/CodeIgniter.php(509): CodeIgniter\CodeIgniter->runController(Object(App\Controllers\Home))
12 SYSTEMPATH/CodeIgniter.php(355): CodeIgniter\CodeIgniter->handleRequest(null, Object(Config\Cache), false)
13 SYSTEMPATH/Boot.php(325): CodeIgniter\CodeIgniter->run()
14 SYSTEMPATH/Boot.php(67): CodeIgniter\Boot::runCodeIgniter(Object(CodeIgniter\CodeIgniter))
15 FCPATH/index.php(56): CodeIgniter\Boot::bootWeb(Object(Config\Paths))
16 SYSTEMPATH/rewrite.php(44): require_once('/Users/dp/Documents/ci-4/ujicoba_project/public/index.php')
CRITICAL - 2024-09-22 02:36:28 --> ErrorException: Undefined variable $title
[Method: GET, Route: /]
in APPPATH/Views/Templates/header.php on line 6.
 1 APPPATH/Views/Templates/header.php(6): CodeIgniter\Debug\Exceptions->errorHandler(2, 'Undefined variable $title', '/Users/dp/Documents/ci-4/ujicoba_project/app/Views/Templates/header.php', 6)
 2 SYSTEMPATH/View/View.php(234): include('/Users/dp/Documents/ci-4/ujicoba_project/app/Views/Templates/header.php')
 3 SYSTEMPATH/View/View.php(237): CodeIgniter\View\View->CodeIgniter\View\{closure}()
 4 SYSTEMPATH/View/View.php(487): CodeIgniter\View\View->render('Templates/header', null, true)
 5 APPPATH/Views/beranda.php(1): CodeIgniter\View\View->include('Templates/header')
 6 SYSTEMPATH/View/View.php(234): include('/Users/dp/Documents/ci-4/ujicoba_project/app/Views/beranda.php')
 7 SYSTEMPATH/View/View.php(237): CodeIgniter\View\View->CodeIgniter\View\{closure}()
 8 SYSTEMPATH/Common.php(1171): CodeIgniter\View\View->render('beranda', [], true)
 9 APPPATH/Controllers/Home.php(9): view('beranda')
10 SYSTEMPATH/CodeIgniter.php(933): App\Controllers\Home->index()
11 SYSTEMPATH/CodeIgniter.php(509): CodeIgniter\CodeIgniter->runController(Object(App\Controllers\Home))
12 SYSTEMPATH/CodeIgniter.php(355): CodeIgniter\CodeIgniter->handleRequest(null, Object(Config\Cache), false)
13 SYSTEMPATH/Boot.php(325): CodeIgniter\CodeIgniter->run()
14 SYSTEMPATH/Boot.php(67): CodeIgniter\Boot::runCodeIgniter(Object(CodeIgniter\CodeIgniter))
15 FCPATH/index.php(56): CodeIgniter\Boot::bootWeb(Object(Config\Paths))
16 SYSTEMPATH/rewrite.php(44): require_once('/Users/dp/Documents/ci-4/ujicoba_project/public/index.php')
CRITICAL - 2024-09-22 02:37:40 --> ErrorException: Undefined variable $title
[Method: GET, Route: /]
in APPPATH/Views/Templates/header.php on line 6.
 1 APPPATH/Views/Templates/header.php(6): CodeIgniter\Debug\Exceptions->errorHandler(2, 'Undefined variable $title', '/Users/dp/Documents/ci-4/ujicoba_project/app/Views/Templates/header.php', 6)
 2 SYSTEMPATH/View/View.php(234): include('/Users/dp/Documents/ci-4/ujicoba_project/app/Views/Templates/header.php')
 3 SYSTEMPATH/View/View.php(237): CodeIgniter\View\View->CodeIgniter\View\{closure}()
 4 SYSTEMPATH/View/View.php(487): CodeIgniter\View\View->render('Templates/header', null, true)
 5 APPPATH/Views/beranda.php(1): CodeIgniter\View\View->include('Templates/header')
 6 SYSTEMPATH/View/View.php(234): include('/Users/dp/Documents/ci-4/ujicoba_project/app/Views/beranda.php')
 7 SYSTEMPATH/View/View.php(237): CodeIgniter\View\View->CodeIgniter\View\{closure}()
 8 SYSTEMPATH/Common.php(1171): CodeIgniter\View\View->render('beranda', [], true)
 9 APPPATH/Controllers/Home.php(9): view('beranda')
10 SYSTEMPATH/CodeIgniter.php(933): App\Controllers\Home->index()
11 SYSTEMPATH/CodeIgniter.php(509): CodeIgniter\CodeIgniter->runController(Object(App\Controllers\Home))
12 SYSTEMPATH/CodeIgniter.php(355): CodeIgniter\CodeIgniter->handleRequest(null, Object(Config\Cache), false)
13 SYSTEMPATH/Boot.php(325): CodeIgniter\CodeIgniter->run()
14 SYSTEMPATH/Boot.php(67): CodeIgniter\Boot::runCodeIgniter(Object(CodeIgniter\CodeIgniter))
15 FCPATH/index.php(56): CodeIgniter\Boot::bootWeb(Object(Config\Paths))
16 SYSTEMPATH/rewrite.php(44): require_once('/Users/dp/Documents/ci-4/ujicoba_project/public/index.php')
CRITICAL - 2024-09-22 02:38:08 --> ErrorException: Undefined variable $title
[Method: GET, Route: /]
in APPPATH/Views/Templates/header.php on line 6.
 1 APPPATH/Views/Templates/header.php(6): CodeIgniter\Debug\Exceptions->errorHandler(2, 'Undefined variable $title', '/Users/dp/Documents/ci-4/ujicoba_project/app/Views/Templates/header.php', 6)
 2 SYSTEMPATH/View/View.php(234): include('/Users/dp/Documents/ci-4/ujicoba_project/app/Views/Templates/header.php')
 3 SYSTEMPATH/View/View.php(237): CodeIgniter\View\View->CodeIgniter\View\{closure}()
 4 SYSTEMPATH/View/View.php(487): CodeIgniter\View\View->render('Templates/header', null, true)
 5 APPPATH/Views/beranda.php(1): CodeIgniter\View\View->include('Templates/header')
 6 SYSTEMPATH/View/View.php(234): include('/Users/dp/Documents/ci-4/ujicoba_project/app/Views/beranda.php')
 7 SYSTEMPATH/View/View.php(237): CodeIgniter\View\View->CodeIgniter\View\{closure}()
 8 SYSTEMPATH/Common.php(1171): CodeIgniter\View\View->render('beranda', [], true)
 9 APPPATH/Controllers/Home.php(9): view('beranda')
10 SYSTEMPATH/CodeIgniter.php(933): App\Controllers\Home->index()
11 SYSTEMPATH/CodeIgniter.php(509): CodeIgniter\CodeIgniter->runController(Object(App\Controllers\Home))
12 SYSTEMPATH/CodeIgniter.php(355): CodeIgniter\CodeIgniter->handleRequest(null, Object(Config\Cache), false)
13 SYSTEMPATH/Boot.php(325): CodeIgniter\CodeIgniter->run()
14 SYSTEMPATH/Boot.php(67): CodeIgniter\Boot::runCodeIgniter(Object(CodeIgniter\CodeIgniter))
15 FCPATH/index.php(56): CodeIgniter\Boot::bootWeb(Object(Config\Paths))
16 SYSTEMPATH/rewrite.php(44): require_once('/Users/dp/Documents/ci-4/ujicoba_project/public/index.php')
CRITICAL - 2024-09-22 02:38:10 --> ErrorException: Undefined variable $title
[Method: GET, Route: /]
in APPPATH/Views/Templates/header.php on line 6.
 1 APPPATH/Views/Templates/header.php(6): CodeIgniter\Debug\Exceptions->errorHandler(2, 'Undefined variable $title', '/Users/dp/Documents/ci-4/ujicoba_project/app/Views/Templates/header.php', 6)
 2 SYSTEMPATH/View/View.php(234): include('/Users/dp/Documents/ci-4/ujicoba_project/app/Views/Templates/header.php')
 3 SYSTEMPATH/View/View.php(237): CodeIgniter\View\View->CodeIgniter\View\{closure}()
 4 SYSTEMPATH/View/View.php(487): CodeIgniter\View\View->render('Templates/header', null, true)
 5 APPPATH/Views/beranda.php(1): CodeIgniter\View\View->include('Templates/header')
 6 SYSTEMPATH/View/View.php(234): include('/Users/dp/Documents/ci-4/ujicoba_project/app/Views/beranda.php')
 7 SYSTEMPATH/View/View.php(237): CodeIgniter\View\View->CodeIgniter\View\{closure}()
 8 SYSTEMPATH/Common.php(1171): CodeIgniter\View\View->render('beranda', [], true)
 9 APPPATH/Controllers/Home.php(9): view('beranda')
10 SYSTEMPATH/CodeIgniter.php(933): App\Controllers\Home->index()
11 SYSTEMPATH/CodeIgniter.php(509): CodeIgniter\CodeIgniter->runController(Object(App\Controllers\Home))
12 SYSTEMPATH/CodeIgniter.php(355): CodeIgniter\CodeIgniter->handleRequest(null, Object(Config\Cache), false)
13 SYSTEMPATH/Boot.php(325): CodeIgniter\CodeIgniter->run()
14 SYSTEMPATH/Boot.php(67): CodeIgniter\Boot::runCodeIgniter(Object(CodeIgniter\CodeIgniter))
15 FCPATH/index.php(56): CodeIgniter\Boot::bootWeb(Object(Config\Paths))
16 SYSTEMPATH/rewrite.php(44): require_once('/Users/dp/Documents/ci-4/ujicoba_project/public/index.php')
CRITICAL - 2024-09-22 02:38:55 --> ErrorException: Undefined variable $title
[Method: GET, Route: /]
in APPPATH/Views/Templates/header.php on line 6.
 1 APPPATH/Views/Templates/header.php(6): CodeIgniter\Debug\Exceptions->errorHandler(2, 'Undefined variable $title', '/Users/dp/Documents/ci-4/ujicoba_project/app/Views/Templates/header.php', 6)
 2 SYSTEMPATH/View/View.php(234): include('/Users/dp/Documents/ci-4/ujicoba_project/app/Views/Templates/header.php')
 3 SYSTEMPATH/View/View.php(237): CodeIgniter\View\View->CodeIgniter\View\{closure}()
 4 SYSTEMPATH/View/View.php(487): CodeIgniter\View\View->render('Templates/header', null, true)
 5 APPPATH/Views/beranda.php(1): CodeIgniter\View\View->include('Templates/header')
 6 SYSTEMPATH/View/View.php(234): include('/Users/dp/Documents/ci-4/ujicoba_project/app/Views/beranda.php')
 7 SYSTEMPATH/View/View.php(237): CodeIgniter\View\View->CodeIgniter\View\{closure}()
 8 SYSTEMPATH/Common.php(1171): CodeIgniter\View\View->render('beranda', [], true)
 9 APPPATH/Controllers/Home.php(9): view('beranda')
10 SYSTEMPATH/CodeIgniter.php(933): App\Controllers\Home->index()
11 SYSTEMPATH/CodeIgniter.php(509): CodeIgniter\CodeIgniter->runController(Object(App\Controllers\Home))
12 SYSTEMPATH/CodeIgniter.php(355): CodeIgniter\CodeIgniter->handleRequest(null, Object(Config\Cache), false)
13 SYSTEMPATH/Boot.php(325): CodeIgniter\CodeIgniter->run()
14 SYSTEMPATH/Boot.php(67): CodeIgniter\Boot::runCodeIgniter(Object(CodeIgniter\CodeIgniter))
15 FCPATH/index.php(56): CodeIgniter\Boot::bootWeb(Object(Config\Paths))
16 SYSTEMPATH/rewrite.php(44): require_once('/Users/dp/Documents/ci-4/ujicoba_project/public/index.php')
CRITICAL - 2024-09-22 02:46:25 --> ErrorException: Undefined variable $title
[Method: GET, Route: /]
in APPPATH/Views/Templates/header.php on line 6.
 1 APPPATH/Views/Templates/header.php(6): CodeIgniter\Debug\Exceptions->errorHandler(2, 'Undefined variable $title', '/Users/dp/Documents/ci-4/ujicoba_project/app/Views/Templates/header.php', 6)
 2 SYSTEMPATH/View/View.php(234): include('/Users/dp/Documents/ci-4/ujicoba_project/app/Views/Templates/header.php')
 3 SYSTEMPATH/View/View.php(237): CodeIgniter\View\View->CodeIgniter\View\{closure}()
 4 SYSTEMPATH/View/View.php(487): CodeIgniter\View\View->render('Templates/header', null, true)
 5 APPPATH/Views/beranda.php(1): CodeIgniter\View\View->include('Templates/header')
 6 SYSTEMPATH/View/View.php(234): include('/Users/dp/Documents/ci-4/ujicoba_project/app/Views/beranda.php')
 7 SYSTEMPATH/View/View.php(237): CodeIgniter\View\View->CodeIgniter\View\{closure}()
 8 SYSTEMPATH/Common.php(1171): CodeIgniter\View\View->render('beranda', [], true)
 9 APPPATH/Controllers/Home.php(9): view('beranda')
10 SYSTEMPATH/CodeIgniter.php(933): App\Controllers\Home->index()
11 SYSTEMPATH/CodeIgniter.php(509): CodeIgniter\CodeIgniter->runController(Object(App\Controllers\Home))
12 SYSTEMPATH/CodeIgniter.php(355): CodeIgniter\CodeIgniter->handleRequest(null, Object(Config\Cache), false)
13 SYSTEMPATH/Boot.php(325): CodeIgniter\CodeIgniter->run()
14 SYSTEMPATH/Boot.php(67): CodeIgniter\Boot::runCodeIgniter(Object(CodeIgniter\CodeIgniter))
15 FCPATH/index.php(56): CodeIgniter\Boot::bootWeb(Object(Config\Paths))
16 SYSTEMPATH/rewrite.php(44): require_once('/Users/dp/Documents/ci-4/ujicoba_project/public/index.php')
CRITICAL - 2024-09-22 02:49:10 --> ErrorException: Undefined variable $title
[Method: GET, Route: /]
in APPPATH/Views/Templates/header.php on line 6.
 1 APPPATH/Views/Templates/header.php(6): CodeIgniter\Debug\Exceptions->errorHandler(2, 'Undefined variable $title', '/Users/dp/Documents/ci-4/ujicoba_project/app/Views/Templates/header.php', 6)
 2 SYSTEMPATH/View/View.php(234): include('/Users/dp/Documents/ci-4/ujicoba_project/app/Views/Templates/header.php')
 3 SYSTEMPATH/View/View.php(237): CodeIgniter\View\View->CodeIgniter\View\{closure}()
 4 SYSTEMPATH/View/View.php(487): CodeIgniter\View\View->render('Templates/header', null, true)
 5 APPPATH/Views/beranda.php(1): CodeIgniter\View\View->include('Templates/header')
 6 SYSTEMPATH/View/View.php(234): include('/Users/dp/Documents/ci-4/ujicoba_project/app/Views/beranda.php')
 7 SYSTEMPATH/View/View.php(237): CodeIgniter\View\View->CodeIgniter\View\{closure}()
 8 SYSTEMPATH/Common.php(1171): CodeIgniter\View\View->render('beranda', [], true)
 9 APPPATH/Controllers/Home.php(9): view('beranda')
10 SYSTEMPATH/CodeIgniter.php(933): App\Controllers\Home->index()
11 SYSTEMPATH/CodeIgniter.php(509): CodeIgniter\CodeIgniter->runController(Object(App\Controllers\Home))
12 SYSTEMPATH/CodeIgniter.php(355): CodeIgniter\CodeIgniter->handleRequest(null, Object(Config\Cache), false)
13 SYSTEMPATH/Boot.php(325): CodeIgniter\CodeIgniter->run()
14 SYSTEMPATH/Boot.php(67): CodeIgniter\Boot::runCodeIgniter(Object(CodeIgniter\CodeIgniter))
15 FCPATH/index.php(56): CodeIgniter\Boot::bootWeb(Object(Config\Paths))
16 SYSTEMPATH/rewrite.php(44): require_once('/Users/dp/Documents/ci-4/ujicoba_project/public/index.php')
CRITICAL - 2024-09-22 02:51:59 --> CodeIgniter\View\Exceptions\ViewException: Invalid file: "home.php"
[Method: GET, Route: /]
in SYSTEMPATH/Exceptions/FrameworkException.php on line 41.
 1 SYSTEMPATH/View/View.php(222): CodeIgniter\Exceptions\FrameworkException::forInvalidFile('home.php')
 2 SYSTEMPATH/Common.php(1171): CodeIgniter\View\View->render('home', [], true)
 3 APPPATH/Controllers/Home.php(10): view('home', [...])
 4 SYSTEMPATH/CodeIgniter.php(933): App\Controllers\Home->index()
 5 SYSTEMPATH/CodeIgniter.php(509): CodeIgniter\CodeIgniter->runController(Object(App\Controllers\Home))
 6 SYSTEMPATH/CodeIgniter.php(355): CodeIgniter\CodeIgniter->handleRequest(null, Object(Config\Cache), false)
 7 SYSTEMPATH/Boot.php(325): CodeIgniter\CodeIgniter->run()
 8 SYSTEMPATH/Boot.php(67): CodeIgniter\Boot::runCodeIgniter(Object(CodeIgniter\CodeIgniter))
 9 FCPATH/index.php(56): CodeIgniter\Boot::bootWeb(Object(Config\Paths))
10 SYSTEMPATH/rewrite.php(44): require_once('/Users/dp/Documents/ci-4/ujicoba_project/public/index.php')
CRITICAL - 2024-09-22 02:52:02 --> CodeIgniter\View\Exceptions\ViewException: Invalid file: "home.php"
[Method: GET, Route: /]
in SYSTEMPATH/Exceptions/FrameworkException.php on line 41.
 1 SYSTEMPATH/View/View.php(222): CodeIgniter\Exceptions\FrameworkException::forInvalidFile('home.php')
 2 SYSTEMPATH/Common.php(1171): CodeIgniter\View\View->render('home', [], true)
 3 APPPATH/Controllers/Home.php(10): view('home', [...])
 4 SYSTEMPATH/CodeIgniter.php(933): App\Controllers\Home->index()
 5 SYSTEMPATH/CodeIgniter.php(509): CodeIgniter\CodeIgniter->runController(Object(App\Controllers\Home))
 6 SYSTEMPATH/CodeIgniter.php(355): CodeIgniter\CodeIgniter->handleRequest(null, Object(Config\Cache), false)
 7 SYSTEMPATH/Boot.php(325): CodeIgniter\CodeIgniter->run()
 8 SYSTEMPATH/Boot.php(67): CodeIgniter\Boot::runCodeIgniter(Object(CodeIgniter\CodeIgniter))
 9 FCPATH/index.php(56): CodeIgniter\Boot::bootWeb(Object(Config\Paths))
10 SYSTEMPATH/rewrite.php(44): require_once('/Users/dp/Documents/ci-4/ujicoba_project/public/index.php')
CRITICAL - 2024-09-22 02:54:38 --> CodeIgniter\View\Exceptions\ViewException: Invalid file: "home.php"
[Method: GET, Route: /]
in SYSTEMPATH/Exceptions/FrameworkException.php on line 41.
 1 SYSTEMPATH/View/View.php(222): CodeIgniter\Exceptions\FrameworkException::forInvalidFile('home.php')
 2 SYSTEMPATH/Common.php(1171): CodeIgniter\View\View->render('home', [], true)
 3 APPPATH/Controllers/Home.php(10): view('home', [...])
 4 SYSTEMPATH/CodeIgniter.php(933): App\Controllers\Home->index()
 5 SYSTEMPATH/CodeIgniter.php(509): CodeIgniter\CodeIgniter->runController(Object(App\Controllers\Home))
 6 SYSTEMPATH/CodeIgniter.php(355): CodeIgniter\CodeIgniter->handleRequest(null, Object(Config\Cache), false)
 7 SYSTEMPATH/Boot.php(325): CodeIgniter\CodeIgniter->run()
 8 SYSTEMPATH/Boot.php(67): CodeIgniter\Boot::runCodeIgniter(Object(CodeIgniter\CodeIgniter))
 9 FCPATH/index.php(56): CodeIgniter\Boot::bootWeb(Object(Config\Paths))
10 SYSTEMPATH/rewrite.php(44): require_once('/Users/dp/Documents/ci-4/ujicoba_project/public/index.php')
CRITICAL - 2024-09-22 02:54:39 --> CodeIgniter\View\Exceptions\ViewException: Invalid file: "home.php"
[Method: GET, Route: /]
in SYSTEMPATH/Exceptions/FrameworkException.php on line 41.
 1 SYSTEMPATH/View/View.php(222): CodeIgniter\Exceptions\FrameworkException::forInvalidFile('home.php')
 2 SYSTEMPATH/Common.php(1171): CodeIgniter\View\View->render('home', [], true)
 3 APPPATH/Controllers/Home.php(10): view('home', [...])
 4 SYSTEMPATH/CodeIgniter.php(933): App\Controllers\Home->index()
 5 SYSTEMPATH/CodeIgniter.php(509): CodeIgniter\CodeIgniter->runController(Object(App\Controllers\Home))
 6 SYSTEMPATH/CodeIgniter.php(355): CodeIgniter\CodeIgniter->handleRequest(null, Object(Config\Cache), false)
 7 SYSTEMPATH/Boot.php(325): CodeIgniter\CodeIgniter->run()
 8 SYSTEMPATH/Boot.php(67): CodeIgniter\Boot::runCodeIgniter(Object(CodeIgniter\CodeIgniter))
 9 FCPATH/index.php(56): CodeIgniter\Boot::bootWeb(Object(Config\Paths))
10 SYSTEMPATH/rewrite.php(44): require_once('/Users/dp/Documents/ci-4/ujicoba_project/public/index.php')
CRITICAL - 2024-09-22 02:54:41 --> CodeIgniter\View\Exceptions\ViewException: Invalid file: "home.php"
[Method: GET, Route: /]
in SYSTEMPATH/Exceptions/FrameworkException.php on line 41.
 1 SYSTEMPATH/View/View.php(222): CodeIgniter\Exceptions\FrameworkException::forInvalidFile('home.php')
 2 SYSTEMPATH/Common.php(1171): CodeIgniter\View\View->render('home', [], true)
 3 APPPATH/Controllers/Home.php(10): view('home', [...])
 4 SYSTEMPATH/CodeIgniter.php(933): App\Controllers\Home->index()
 5 SYSTEMPATH/CodeIgniter.php(509): CodeIgniter\CodeIgniter->runController(Object(App\Controllers\Home))
 6 SYSTEMPATH/CodeIgniter.php(355): CodeIgniter\CodeIgniter->handleRequest(null, Object(Config\Cache), false)
 7 SYSTEMPATH/Boot.php(325): CodeIgniter\CodeIgniter->run()
 8 SYSTEMPATH/Boot.php(67): CodeIgniter\Boot::runCodeIgniter(Object(CodeIgniter\CodeIgniter))
 9 FCPATH/index.php(56): CodeIgniter\Boot::bootWeb(Object(Config\Paths))
10 SYSTEMPATH/rewrite.php(44): require_once('/Users/dp/Documents/ci-4/ujicoba_project/public/index.php')
CRITICAL - 2024-09-22 02:54:44 --> CodeIgniter\View\Exceptions\ViewException: Invalid file: "home.php"
[Method: GET, Route: /]
in SYSTEMPATH/Exceptions/FrameworkException.php on line 41.
 1 SYSTEMPATH/View/View.php(222): CodeIgniter\Exceptions\FrameworkException::forInvalidFile('home.php')
 2 SYSTEMPATH/Common.php(1171): CodeIgniter\View\View->render('home', [], true)
 3 APPPATH/Controllers/Home.php(10): view('home', [...])
 4 SYSTEMPATH/CodeIgniter.php(933): App\Controllers\Home->index()
 5 SYSTEMPATH/CodeIgniter.php(509): CodeIgniter\CodeIgniter->runController(Object(App\Controllers\Home))
 6 SYSTEMPATH/CodeIgniter.php(355): CodeIgniter\CodeIgniter->handleRequest(null, Object(Config\Cache), false)
 7 SYSTEMPATH/Boot.php(325): CodeIgniter\CodeIgniter->run()
 8 SYSTEMPATH/Boot.php(67): CodeIgniter\Boot::runCodeIgniter(Object(CodeIgniter\CodeIgniter))
 9 FCPATH/index.php(56): CodeIgniter\Boot::bootWeb(Object(Config\Paths))
10 SYSTEMPATH/rewrite.php(44): require_once('/Users/dp/Documents/ci-4/ujicoba_project/public/index.php')
CRITICAL - 2024-09-22 02:54:46 --> CodeIgniter\View\Exceptions\ViewException: Invalid file: "home.php"
[Method: GET, Route: /]
in SYSTEMPATH/Exceptions/FrameworkException.php on line 41.
 1 SYSTEMPATH/View/View.php(222): CodeIgniter\Exceptions\FrameworkException::forInvalidFile('home.php')
 2 SYSTEMPATH/Common.php(1171): CodeIgniter\View\View->render('home', [], true)
 3 APPPATH/Controllers/Home.php(10): view('home', [...])
 4 SYSTEMPATH/CodeIgniter.php(933): App\Controllers\Home->index()
 5 SYSTEMPATH/CodeIgniter.php(509): CodeIgniter\CodeIgniter->runController(Object(App\Controllers\Home))
 6 SYSTEMPATH/CodeIgniter.php(355): CodeIgniter\CodeIgniter->handleRequest(null, Object(Config\Cache), false)
 7 SYSTEMPATH/Boot.php(325): CodeIgniter\CodeIgniter->run()
 8 SYSTEMPATH/Boot.php(67): CodeIgniter\Boot::runCodeIgniter(Object(CodeIgniter\CodeIgniter))
 9 FCPATH/index.php(56): CodeIgniter\Boot::bootWeb(Object(Config\Paths))
10 SYSTEMPATH/rewrite.php(44): require_once('/Users/dp/Documents/ci-4/ujicoba_project/public/index.php')
CRITICAL - 2024-09-22 02:54:46 --> CodeIgniter\View\Exceptions\ViewException: Invalid file: "home.php"
[Method: GET, Route: /]
in SYSTEMPATH/Exceptions/FrameworkException.php on line 41.
 1 SYSTEMPATH/View/View.php(222): CodeIgniter\Exceptions\FrameworkException::forInvalidFile('home.php')
 2 SYSTEMPATH/Common.php(1171): CodeIgniter\View\View->render('home', [], true)
 3 APPPATH/Controllers/Home.php(10): view('home', [...])
 4 SYSTEMPATH/CodeIgniter.php(933): App\Controllers\Home->index()
 5 SYSTEMPATH/CodeIgniter.php(509): CodeIgniter\CodeIgniter->runController(Object(App\Controllers\Home))
 6 SYSTEMPATH/CodeIgniter.php(355): CodeIgniter\CodeIgniter->handleRequest(null, Object(Config\Cache), false)
 7 SYSTEMPATH/Boot.php(325): CodeIgniter\CodeIgniter->run()
 8 SYSTEMPATH/Boot.php(67): CodeIgniter\Boot::runCodeIgniter(Object(CodeIgniter\CodeIgniter))
 9 FCPATH/index.php(56): CodeIgniter\Boot::bootWeb(Object(Config\Paths))
10 SYSTEMPATH/rewrite.php(44): require_once('/Users/dp/Documents/ci-4/ujicoba_project/public/index.php')
CRITICAL - 2024-09-22 02:54:46 --> CodeIgniter\View\Exceptions\ViewException: Invalid file: "home.php"
[Method: GET, Route: /]
in SYSTEMPATH/Exceptions/FrameworkException.php on line 41.
 1 SYSTEMPATH/View/View.php(222): CodeIgniter\Exceptions\FrameworkException::forInvalidFile('home.php')
 2 SYSTEMPATH/Common.php(1171): CodeIgniter\View\View->render('home', [], true)
 3 APPPATH/Controllers/Home.php(10): view('home', [...])
 4 SYSTEMPATH/CodeIgniter.php(933): App\Controllers\Home->index()
 5 SYSTEMPATH/CodeIgniter.php(509): CodeIgniter\CodeIgniter->runController(Object(App\Controllers\Home))
 6 SYSTEMPATH/CodeIgniter.php(355): CodeIgniter\CodeIgniter->handleRequest(null, Object(Config\Cache), false)
 7 SYSTEMPATH/Boot.php(325): CodeIgniter\CodeIgniter->run()
 8 SYSTEMPATH/Boot.php(67): CodeIgniter\Boot::runCodeIgniter(Object(CodeIgniter\CodeIgniter))
 9 FCPATH/index.php(56): CodeIgniter\Boot::bootWeb(Object(Config\Paths))
10 SYSTEMPATH/rewrite.php(44): require_once('/Users/dp/Documents/ci-4/ujicoba_project/public/index.php')
CRITICAL - 2024-09-22 02:54:47 --> CodeIgniter\View\Exceptions\ViewException: Invalid file: "home.php"
[Method: GET, Route: /]
in SYSTEMPATH/Exceptions/FrameworkException.php on line 41.
 1 SYSTEMPATH/View/View.php(222): CodeIgniter\Exceptions\FrameworkException::forInvalidFile('home.php')
 2 SYSTEMPATH/Common.php(1171): CodeIgniter\View\View->render('home', [], true)
 3 APPPATH/Controllers/Home.php(10): view('home', [...])
 4 SYSTEMPATH/CodeIgniter.php(933): App\Controllers\Home->index()
 5 SYSTEMPATH/CodeIgniter.php(509): CodeIgniter\CodeIgniter->runController(Object(App\Controllers\Home))
 6 SYSTEMPATH/CodeIgniter.php(355): CodeIgniter\CodeIgniter->handleRequest(null, Object(Config\Cache), false)
 7 SYSTEMPATH/Boot.php(325): CodeIgniter\CodeIgniter->run()
 8 SYSTEMPATH/Boot.php(67): CodeIgniter\Boot::runCodeIgniter(Object(CodeIgniter\CodeIgniter))
 9 FCPATH/index.php(56): CodeIgniter\Boot::bootWeb(Object(Config\Paths))
10 SYSTEMPATH/rewrite.php(44): require_once('/Users/dp/Documents/ci-4/ujicoba_project/public/index.php')
CRITICAL - 2024-09-22 02:54:56 --> CodeIgniter\View\Exceptions\ViewException: Invalid file: "home.php"
[Method: GET, Route: /]
in SYSTEMPATH/Exceptions/FrameworkException.php on line 41.
 1 SYSTEMPATH/View/View.php(222): CodeIgniter\Exceptions\FrameworkException::forInvalidFile('home.php')
 2 SYSTEMPATH/Common.php(1171): CodeIgniter\View\View->render('home', [], true)
 3 APPPATH/Controllers/Home.php(10): view('home', [...])
 4 SYSTEMPATH/CodeIgniter.php(933): App\Controllers\Home->index()
 5 SYSTEMPATH/CodeIgniter.php(509): CodeIgniter\CodeIgniter->runController(Object(App\Controllers\Home))
 6 SYSTEMPATH/CodeIgniter.php(355): CodeIgniter\CodeIgniter->handleRequest(null, Object(Config\Cache), false)
 7 SYSTEMPATH/Boot.php(325): CodeIgniter\CodeIgniter->run()
 8 SYSTEMPATH/Boot.php(67): CodeIgniter\Boot::runCodeIgniter(Object(CodeIgniter\CodeIgniter))
 9 FCPATH/index.php(56): CodeIgniter\Boot::bootWeb(Object(Config\Paths))
10 SYSTEMPATH/rewrite.php(44): require_once('/Users/dp/Documents/ci-4/ujicoba_project/public/index.php')
CRITICAL - 2024-09-22 02:55:11 --> CodeIgniter\View\Exceptions\ViewException: Invalid file: "home.php"
[Method: GET, Route: /]
in SYSTEMPATH/Exceptions/FrameworkException.php on line 41.
 1 SYSTEMPATH/View/View.php(222): CodeIgniter\Exceptions\FrameworkException::forInvalidFile('home.php')
 2 SYSTEMPATH/Common.php(1171): CodeIgniter\View\View->render('home', [], true)
 3 APPPATH/Controllers/Home.php(10): view('home', [...])
 4 SYSTEMPATH/CodeIgniter.php(933): App\Controllers\Home->index()
 5 SYSTEMPATH/CodeIgniter.php(509): CodeIgniter\CodeIgniter->runController(Object(App\Controllers\Home))
 6 SYSTEMPATH/CodeIgniter.php(355): CodeIgniter\CodeIgniter->handleRequest(null, Object(Config\Cache), false)
 7 SYSTEMPATH/Boot.php(325): CodeIgniter\CodeIgniter->run()
 8 SYSTEMPATH/Boot.php(67): CodeIgniter\Boot::runCodeIgniter(Object(CodeIgniter\CodeIgniter))
 9 FCPATH/index.php(56): CodeIgniter\Boot::bootWeb(Object(Config\Paths))
10 SYSTEMPATH/rewrite.php(44): require_once('/Users/dp/Documents/ci-4/ujicoba_project/public/index.php')
CRITICAL - 2024-09-22 02:57:14 --> CodeIgniter\View\Exceptions\ViewException: Invalid file: "hello.php"
[Method: GET, Route: /]
in SYSTEMPATH/Exceptions/FrameworkException.php on line 41.
 1 SYSTEMPATH/View/View.php(222): CodeIgniter\Exceptions\FrameworkException::forInvalidFile('hello.php')
 2 SYSTEMPATH/View/View.php(487): CodeIgniter\View\View->render('hello', null, true)
 3 APPPATH/Views/beranda.php(1): CodeIgniter\View\View->include('hello')
 4 SYSTEMPATH/View/View.php(234): include('/Users/dp/Documents/ci-4/ujicoba_project/app/Views/beranda.php')
 5 SYSTEMPATH/View/View.php(237): CodeIgniter\View\View->CodeIgniter\View\{closure}()
 6 SYSTEMPATH/Common.php(1171): CodeIgniter\View\View->render('beranda', [], true)
 7 APPPATH/Controllers/Home.php(10): view('beranda', [...])
 8 SYSTEMPATH/CodeIgniter.php(933): App\Controllers\Home->index()
 9 SYSTEMPATH/CodeIgniter.php(509): CodeIgniter\CodeIgniter->runController(Object(App\Controllers\Home))
10 SYSTEMPATH/CodeIgniter.php(355): CodeIgniter\CodeIgniter->handleRequest(null, Object(Config\Cache), false)
11 SYSTEMPATH/Boot.php(325): CodeIgniter\CodeIgniter->run()
12 SYSTEMPATH/Boot.php(67): CodeIgniter\Boot::runCodeIgniter(Object(CodeIgniter\CodeIgniter))
13 FCPATH/index.php(56): CodeIgniter\Boot::bootWeb(Object(Config\Paths))
14 SYSTEMPATH/rewrite.php(44): require_once('/Users/dp/Documents/ci-4/ujicoba_project/public/index.php')
CRITICAL - 2024-09-22 02:58:31 --> ErrorException: Undefined variable $title
[Method: GET, Route: /]
in APPPATH/Views/Templates/header.php on line 6.
 1 APPPATH/Views/Templates/header.php(6): CodeIgniter\Debug\Exceptions->errorHandler(2, 'Undefined variable $title', '/Users/dp/Documents/ci-4/ujicoba_project/app/Views/Templates/header.php', 6)
 2 SYSTEMPATH/View/View.php(234): include('/Users/dp/Documents/ci-4/ujicoba_project/app/Views/Templates/header.php')
 3 SYSTEMPATH/View/View.php(237): CodeIgniter\View\View->CodeIgniter\View\{closure}()
 4 SYSTEMPATH/View/View.php(487): CodeIgniter\View\View->render('Templates/header', null, true)
 5 APPPATH/Views/beranda.php(1): CodeIgniter\View\View->include('Templates/header')
 6 SYSTEMPATH/View/View.php(234): include('/Users/dp/Documents/ci-4/ujicoba_project/app/Views/beranda.php')
 7 SYSTEMPATH/View/View.php(237): CodeIgniter\View\View->CodeIgniter\View\{closure}()
 8 SYSTEMPATH/Common.php(1171): CodeIgniter\View\View->render('beranda', [], true)
 9 APPPATH/Controllers/Home.php(10): view('beranda')
10 SYSTEMPATH/CodeIgniter.php(933): App\Controllers\Home->index()
11 SYSTEMPATH/CodeIgniter.php(509): CodeIgniter\CodeIgniter->runController(Object(App\Controllers\Home))
12 SYSTEMPATH/CodeIgniter.php(355): CodeIgniter\CodeIgniter->handleRequest(null, Object(Config\Cache), false)
13 SYSTEMPATH/Boot.php(325): CodeIgniter\CodeIgniter->run()
14 SYSTEMPATH/Boot.php(67): CodeIgniter\Boot::runCodeIgniter(Object(CodeIgniter\CodeIgniter))
15 FCPATH/index.php(56): CodeIgniter\Boot::bootWeb(Object(Config\Paths))
16 SYSTEMPATH/rewrite.php(44): require_once('/Users/dp/Documents/ci-4/ujicoba_project/public/index.php')
